<?xml version="1.0" encoding="UTF-8"?>
<coverage generated="1617809582768" clover="3.2.0">
  <project timestamp="1617809582768" name="All files">
    <metrics statements="48" coveredstatements="29" conditionals="20" coveredconditionals="5" methods="13" coveredmethods="1" elements="81" coveredelements="35" complexity="0" loc="48" ncloc="48" packages="7" files="18" classes="18"/>
    <package name="constans">
      <metrics statements="18" coveredstatements="18" conditionals="0" coveredconditionals="0" methods="0" coveredmethods="0"/>
      <file name="AppStyles.ts" path="C:\Users\Mikita_Kandratsyeu1\Desktop\RN-Program\react-native-2021\AppReactNative\src\constans\AppStyles.ts">
        <metrics statements="5" coveredstatements="5" conditionals="0" coveredconditionals="0" methods="0" coveredmethods="0"/>
        <line num="1" count="1" type="stmt"/>
        <line num="35" count="1" type="stmt"/>
        <line num="42" count="1" type="stmt"/>
        <line num="46" count="1" type="stmt"/>
        <line num="50" count="1" type="stmt"/>
      </file>
      <file name="constants.ts" path="C:\Users\Mikita_Kandratsyeu1\Desktop\RN-Program\react-native-2021\AppReactNative\src\constans\constants.ts">
        <metrics statements="13" coveredstatements="13" conditionals="0" coveredconditionals="0" methods="0" coveredmethods="0"/>
        <line num="1" count="1" type="stmt"/>
        <line num="3" count="1" type="stmt"/>
        <line num="4" count="1" type="stmt"/>
        <line num="5" count="1" type="stmt"/>
        <line num="6" count="1" type="stmt"/>
        <line num="7" count="1" type="stmt"/>
        <line num="9" count="1" type="stmt"/>
        <line num="11" count="1" type="stmt"/>
        <line num="12" count="1" type="stmt"/>
        <line num="14" count="1" type="stmt"/>
        <line num="15" count="1" type="stmt"/>
        <line num="16" count="1" type="stmt"/>
        <line num="35" count="1" type="stmt"/>
      </file>
      <file name="index.ts" path="C:\Users\Mikita_Kandratsyeu1\Desktop\RN-Program\react-native-2021\AppReactNative\src\constans\index.ts">
        <metrics statements="0" coveredstatements="0" conditionals="0" coveredconditionals="0" methods="0" coveredmethods="0"/>
      </file>
    </package>
    <package name="modules.components.UI">
      <metrics statements="0" coveredstatements="0" conditionals="0" coveredconditionals="0" methods="0" coveredmethods="0"/>
      <file name="index.ts" path="C:\Users\Mikita_Kandratsyeu1\Desktop\RN-Program\react-native-2021\AppReactNative\src\modules\components\UI\index.ts">
        <metrics statements="0" coveredstatements="0" conditionals="0" coveredconditionals="0" methods="0" coveredmethods="0"/>
      </file>
    </package>
    <package name="modules.components.UI.IconSearch">
      <metrics statements="2" coveredstatements="2" conditionals="4" coveredconditionals="3" methods="1" coveredmethods="1"/>
      <file name="IconSearch.tsx" path="C:\Users\Mikita_Kandratsyeu1\Desktop\RN-Program\react-native-2021\AppReactNative\src\modules\components\UI\IconSearch\IconSearch.tsx">
        <metrics statements="2" coveredstatements="2" conditionals="4" coveredconditionals="3" methods="1" coveredmethods="1"/>
        <line num="6" count="1" type="stmt"/>
        <line num="7" count="5" type="cond" truecount="1" falsecount="1"/>
      </file>
      <file name="index.ts" path="C:\Users\Mikita_Kandratsyeu1\Desktop\RN-Program\react-native-2021\AppReactNative\src\modules\components\UI\IconSearch\index.ts">
        <metrics statements="0" coveredstatements="0" conditionals="0" coveredconditionals="0" methods="0" coveredmethods="0"/>
      </file>
    </package>
    <package name="modules.components.UI.LoadingButton">
      <metrics statements="7" coveredstatements="3" conditionals="12" coveredconditionals="2" methods="2" coveredmethods="0"/>
      <file name="LoadingButton.tsx" path="C:\Users\Mikita_Kandratsyeu1\Desktop\RN-Program\react-native-2021\AppReactNative\src\modules\components\UI\LoadingButton\LoadingButton.tsx">
        <metrics statements="6" coveredstatements="2" conditionals="12" coveredconditionals="2" methods="2" coveredmethods="0"/>
        <line num="9" count="1" type="cond" truecount="1" falsecount="1"/>
        <line num="13" count="0" type="stmt"/>
        <line num="16" count="1" type="stmt"/>
        <line num="23" count="0" type="stmt"/>
        <line num="28" count="0" type="stmt"/>
        <line num="29" count="0" type="cond" truecount="0" falsecount="2"/>
      </file>
      <file name="LoadingButtonStyles.ts" path="C:\Users\Mikita_Kandratsyeu1\Desktop\RN-Program\react-native-2021\AppReactNative\src\modules\components\UI\LoadingButton\LoadingButtonStyles.ts">
        <metrics statements="1" coveredstatements="1" conditionals="0" coveredconditionals="0" methods="0" coveredmethods="0"/>
        <line num="4" count="1" type="stmt"/>
      </file>
      <file name="index.ts" path="C:\Users\Mikita_Kandratsyeu1\Desktop\RN-Program\react-native-2021\AppReactNative\src\modules\components\UI\LoadingButton\index.ts">
        <metrics statements="0" coveredstatements="0" conditionals="0" coveredconditionals="0" methods="0" coveredmethods="0"/>
      </file>
    </package>
    <package name="modules.components.UI.LoadingIndicator">
      <metrics statements="16" coveredstatements="2" conditionals="2" coveredconditionals="0" methods="8" coveredmethods="0"/>
      <file name="LoadingIndicator.tsx" path="C:\Users\Mikita_Kandratsyeu1\Desktop\RN-Program\react-native-2021\AppReactNative\src\modules\components\UI\LoadingIndicator\LoadingIndicator.tsx">
        <metrics statements="15" coveredstatements="1" conditionals="2" coveredconditionals="0" methods="8" coveredmethods="0"/>
        <line num="7" count="1" type="stmt"/>
        <line num="11" count="0" type="stmt"/>
        <line num="12" count="0" type="stmt"/>
        <line num="13" count="0" type="stmt"/>
        <line num="16" count="0" type="stmt"/>
        <line num="19" count="0" type="stmt"/>
        <line num="35" count="0" type="stmt"/>
        <line num="36" count="0" type="stmt"/>
        <line num="39" count="0" type="stmt"/>
        <line num="43" count="0" type="stmt"/>
        <line num="44" count="0" type="stmt"/>
        <line num="47" count="0" type="stmt"/>
        <line num="48" count="0" type="stmt"/>
        <line num="60" count="0" type="stmt"/>
        <line num="62" count="0" type="stmt"/>
      </file>
      <file name="LoadingIndicatorStyles.ts" path="C:\Users\Mikita_Kandratsyeu1\Desktop\RN-Program\react-native-2021\AppReactNative\src\modules\components\UI\LoadingIndicator\LoadingIndicatorStyles.ts">
        <metrics statements="1" coveredstatements="1" conditionals="0" coveredconditionals="0" methods="0" coveredmethods="0"/>
        <line num="3" count="1" type="stmt"/>
      </file>
      <file name="index.ts" path="C:\Users\Mikita_Kandratsyeu1\Desktop\RN-Program\react-native-2021\AppReactNative\src\modules\components\UI\LoadingIndicator\index.ts">
        <metrics statements="0" coveredstatements="0" conditionals="0" coveredconditionals="0" methods="0" coveredmethods="0"/>
      </file>
    </package>
    <package name="modules.components.UI.Search">
      <metrics statements="3" coveredstatements="2" conditionals="2" coveredconditionals="0" methods="1" coveredmethods="0"/>
      <file name="Search.tsx" path="C:\Users\Mikita_Kandratsyeu1\Desktop\RN-Program\react-native-2021\AppReactNative\src\modules\components\UI\Search\Search.tsx">
        <metrics statements="2" coveredstatements="1" conditionals="2" coveredconditionals="0" methods="1" coveredmethods="0"/>
        <line num="8" count="1" type="stmt"/>
        <line num="9" count="0" type="cond" truecount="0" falsecount="2"/>
      </file>
      <file name="SearchStyles.ts" path="C:\Users\Mikita_Kandratsyeu1\Desktop\RN-Program\react-native-2021\AppReactNative\src\modules\components\UI\Search\SearchStyles.ts">
        <metrics statements="1" coveredstatements="1" conditionals="0" coveredconditionals="0" methods="0" coveredmethods="0"/>
        <line num="4" count="1" type="stmt"/>
      </file>
      <file name="index.ts" path="C:\Users\Mikita_Kandratsyeu1\Desktop\RN-Program\react-native-2021\AppReactNative\src\modules\components\UI\Search\index.ts">
        <metrics statements="0" coveredstatements="0" conditionals="0" coveredconditionals="0" methods="0" coveredmethods="0"/>
      </file>
    </package>
    <package name="modules.components.UI.Seperator">
      <metrics statements="2" coveredstatements="2" conditionals="0" coveredconditionals="0" methods="1" coveredmethods="0"/>
      <file name="Separator.tsx" path="C:\Users\Mikita_Kandratsyeu1\Desktop\RN-Program\react-native-2021\AppReactNative\src\modules\components\UI\Seperator\Separator.tsx">
        <metrics statements="1" coveredstatements="1" conditionals="0" coveredconditionals="0" methods="1" coveredmethods="0"/>
        <line num="5" count="1" type="stmt"/>
      </file>
      <file name="SeperatorStyles.ts" path="C:\Users\Mikita_Kandratsyeu1\Desktop\RN-Program\react-native-2021\AppReactNative\src\modules\components\UI\Seperator\SeperatorStyles.ts">
        <metrics statements="1" coveredstatements="1" conditionals="0" coveredconditionals="0" methods="0" coveredmethods="0"/>
        <line num="4" count="1" type="stmt"/>
      </file>
      <file name="index.ts" path="C:\Users\Mikita_Kandratsyeu1\Desktop\RN-Program\react-native-2021\AppReactNative\src\modules\components\UI\Seperator\index.ts">
        <metrics statements="0" coveredstatements="0" conditionals="0" coveredconditionals="0" methods="0" coveredmethods="0"/>
      </file>
    </package>
  </project>
</coverage>
