{"C:\\Users\\Mikita_Kandratsyeu1\\Desktop\\RN-Program\\react-native-2021\\AppReactNative\\src\\constans\\AppStyles.ts": {"path":"C:\\Users\\Mikita_Kandratsyeu1\\Desktop\\RN-Program\\react-native-2021\\AppReactNative\\src\\constans\\AppStyles.ts","statementMap":{"0":{"start":{"line":1,"column":29},"end":{"line":33,"column":1}},"1":{"start":{"line":35,"column":40},"end":{"line":40,"column":1}},"2":{"start":{"line":42,"column":23},"end":{"line":44,"column":1}},"3":{"start":{"line":46,"column":29},"end":{"line":48,"column":1}},"4":{"start":{"line":50,"column":23},"end":{"line":53,"column":1}}},"fnMap":{},"branchMap":{},"s":{"0":1,"1":1,"2":1,"3":1,"4":1},"f":{},"b":{},"_coverageSchema":"1a1c01bbd47fc00a2c39e90264f33305004495a9","hash":"d20c7c2eab109738be80076da8895fa3dfaf7535"}
,"C:\\Users\\Mikita_Kandratsyeu1\\Desktop\\RN-Program\\react-native-2021\\AppReactNative\\src\\constans\\constants.ts": {"path":"C:\\Users\\Mikita_Kandratsyeu1\\Desktop\\RN-Program\\react-native-2021\\AppReactNative\\src\\constans\\constants.ts","statementMap":{"0":{"start":{"line":1,"column":31},"end":{"line":1,"column":52}},"1":{"start":{"line":3,"column":35},"end":{"line":3,"column":52}},"2":{"start":{"line":4,"column":36},"end":{"line":4,"column":59}},"3":{"start":{"line":5,"column":34},"end":{"line":5,"column":47}},"4":{"start":{"line":6,"column":39},"end":{"line":6,"column":57}},"5":{"start":{"line":7,"column":41},"end":{"line":7,"column":48}},"6":{"start":{"line":9,"column":2},"end":{"line":9,"column":103}},"7":{"start":{"line":11,"column":49},"end":{"line":11,"column":51}},"8":{"start":{"line":12,"column":46},"end":{"line":12,"column":47}},"9":{"start":{"line":14,"column":34},"end":{"line":14,"column":55}},"10":{"start":{"line":15,"column":33},"end":{"line":15,"column":44}},"11":{"start":{"line":16,"column":37},"end":{"line":16,"column":54}},"12":{"start":{"line":35,"column":44},"end":{"line":49,"column":1}}},"fnMap":{},"branchMap":{},"s":{"0":1,"1":1,"2":1,"3":1,"4":1,"5":1,"6":1,"7":1,"8":1,"9":1,"10":1,"11":1,"12":1},"f":{},"b":{},"_coverageSchema":"1a1c01bbd47fc00a2c39e90264f33305004495a9","hash":"eccf3acc6a5d4f9243498555f4ddb24b51dcb0a9"}
,"C:\\Users\\Mikita_Kandratsyeu1\\Desktop\\RN-Program\\react-native-2021\\AppReactNative\\src\\constans\\index.ts": {"path":"C:\\Users\\Mikita_Kandratsyeu1\\Desktop\\RN-Program\\react-native-2021\\AppReactNative\\src\\constans\\index.ts","statementMap":{},"fnMap":{},"branchMap":{},"s":{},"f":{},"b":{},"_coverageSchema":"1a1c01bbd47fc00a2c39e90264f33305004495a9","hash":"e68c9e4c8426e91f12e4908cc92272a8ad22c2e0"}
,"C:\\Users\\Mikita_Kandratsyeu1\\Desktop\\RN-Program\\react-native-2021\\AppReactNative\\src\\modules\\components\\UI\\index.ts": {"path":"C:\\Users\\Mikita_Kandratsyeu1\\Desktop\\RN-Program\\react-native-2021\\AppReactNative\\src\\modules\\components\\UI\\index.ts","statementMap":{},"fnMap":{},"branchMap":{},"s":{},"f":{},"b":{},"_coverageSchema":"1a1c01bbd47fc00a2c39e90264f33305004495a9","hash":"dc40bacd379f9d981cc2236a491758f17be6ccb8"}
,"C:\\Users\\Mikita_Kandratsyeu1\\Desktop\\RN-Program\\react-native-2021\\AppReactNative\\src\\modules\\components\\UI\\IconSearch\\IconSearch.tsx": {"path":"C:\\Users\\Mikita_Kandratsyeu1\\Desktop\\RN-Program\\react-native-2021\\AppReactNative\\src\\modules\\components\\UI\\IconSearch\\IconSearch.tsx","statementMap":{"0":{"start":{"line":6,"column":54},"end":{"line":13,"column":10}},"1":{"start":{"line":7,"column":2},"end":{"line":13,"column":10}}},"fnMap":{"0":{"name":"(anonymous_0)","decl":{"start":{"line":6,"column":54},"end":{"line":6,"column":55}},"loc":{"start":{"line":7,"column":2},"end":{"line":13,"column":10}},"line":7}},"branchMap":{"0":{"loc":{"start":{"line":7,"column":2},"end":{"line":13,"column":10}},"type":"cond-expr","locations":[{"start":{"line":8,"column":4},"end":{"line":12,"column":6}},{"start":{"line":13,"column":6},"end":{"line":13,"column":10}}],"line":7},"1":{"loc":{"start":{"line":11,"column":13},"end":{"line":11,"column":47}},"type":"binary-expr","locations":[{"start":{"line":11,"column":13},"end":{"line":11,"column":18}},{"start":{"line":11,"column":22},"end":{"line":11,"column":47}}],"line":11}},"s":{"0":1,"1":5},"f":{"0":5},"b":{"0":[5,0],"1":[5,5]},"_coverageSchema":"1a1c01bbd47fc00a2c39e90264f33305004495a9","hash":"f12957c04b88e1cdf1fbc4a13d44b15f17c00a8b"}
,"C:\\Users\\Mikita_Kandratsyeu1\\Desktop\\RN-Program\\react-native-2021\\AppReactNative\\src\\modules\\components\\UI\\IconSearch\\index.ts": {"path":"C:\\Users\\Mikita_Kandratsyeu1\\Desktop\\RN-Program\\react-native-2021\\AppReactNative\\src\\modules\\components\\UI\\IconSearch\\index.ts","statementMap":{},"fnMap":{},"branchMap":{},"s":{},"f":{},"b":{},"_coverageSchema":"1a1c01bbd47fc00a2c39e90264f33305004495a9","hash":"8b747c538ac1c8b62754b566af4c10b4d70b5fc6"}
,"C:\\Users\\Mikita_Kandratsyeu1\\Desktop\\RN-Program\\react-native-2021\\AppReactNative\\src\\modules\\components\\UI\\LoadingButton\\LoadingButton.tsx": {"path":"C:\\Users\\Mikita_Kandratsyeu1\\Desktop\\RN-Program\\react-native-2021\\AppReactNative\\src\\modules\\components\\UI\\LoadingButton\\LoadingButton.tsx","statementMap":{"0":{"start":{"line":9,"column":0},"end":{"line":14,"column":1}},"1":{"start":{"line":13,"column":2},"end":{"line":13,"column":56}},"2":{"start":{"line":16,"column":60},"end":{"line":39,"column":1}},"3":{"start":{"line":23,"column":2},"end":{"line":38,"column":15}},"4":{"start":{"line":28,"column":6},"end":{"line":28,"column":38}},"5":{"start":{"line":29,"column":6},"end":{"line":29,"column":32}},"6":{"start":{"line":29,"column":22},"end":{"line":29,"column":32}}},"fnMap":{"0":{"name":"(anonymous_0)","decl":{"start":{"line":16,"column":60},"end":{"line":16,"column":61}},"loc":{"start":{"line":23,"column":2},"end":{"line":38,"column":15}},"line":23},"1":{"name":"(anonymous_1)","decl":{"start":{"line":27,"column":13},"end":{"line":27,"column":14}},"loc":{"start":{"line":27,"column":19},"end":{"line":30,"column":5}},"line":27}},"branchMap":{"0":{"loc":{"start":{"line":9,"column":0},"end":{"line":14,"column":1}},"type":"if","locations":[{"start":{"line":9,"column":0},"end":{"line":14,"column":1}},{"start":{"line":9,"column":0},"end":{"line":14,"column":1}}],"line":9},"1":{"loc":{"start":{"line":10,"column":2},"end":{"line":11,"column":49}},"type":"binary-expr","locations":[{"start":{"line":10,"column":2},"end":{"line":10,"column":27}},{"start":{"line":11,"column":2},"end":{"line":11,"column":49}}],"line":10},"2":{"loc":{"start":{"line":24,"column":32},"end":{"line":24,"column":70}},"type":"binary-expr","locations":[{"start":{"line":24,"column":32},"end":{"line":24,"column":41}},{"start":{"line":24,"column":45},"end":{"line":24,"column":70}}],"line":24},"3":{"loc":{"start":{"line":29,"column":6},"end":{"line":29,"column":32}},"type":"if","locations":[{"start":{"line":29,"column":6},"end":{"line":29,"column":32}},{"start":{"line":29,"column":6},"end":{"line":29,"column":32}}],"line":29},"4":{"loc":{"start":{"line":31,"column":5},"end":{"line":37,"column":5}},"type":"cond-expr","locations":[{"start":{"line":32,"column":6},"end":{"line":32,"column":26}},{"start":{"line":34,"column":6},"end":{"line":36,"column":13}}],"line":31},"5":{"loc":{"start":{"line":35,"column":9},"end":{"line":35,"column":44}},"type":"cond-expr","locations":[{"start":{"line":35,"column":19},"end":{"line":35,"column":29}},{"start":{"line":35,"column":32},"end":{"line":35,"column":44}}],"line":35}},"s":{"0":1,"1":0,"2":1,"3":0,"4":0,"5":0,"6":0},"f":{"0":0,"1":0},"b":{"0":[0,1],"1":[1,0],"2":[0,0],"3":[0,0],"4":[0,0],"5":[0,0]},"_coverageSchema":"1a1c01bbd47fc00a2c39e90264f33305004495a9","hash":"0ef6d9efdc0b8ca75ad4cfcfbac04da16547886d"}
,"C:\\Users\\Mikita_Kandratsyeu1\\Desktop\\RN-Program\\react-native-2021\\AppReactNative\\src\\modules\\components\\UI\\LoadingButton\\LoadingButtonStyles.ts": {"path":"C:\\Users\\Mikita_Kandratsyeu1\\Desktop\\RN-Program\\react-native-2021\\AppReactNative\\src\\modules\\components\\UI\\LoadingButton\\LoadingButtonStyles.ts","statementMap":{"0":{"start":{"line":4,"column":15},"end":{"line":28,"column":2}}},"fnMap":{},"branchMap":{},"s":{"0":1},"f":{},"b":{},"_coverageSchema":"1a1c01bbd47fc00a2c39e90264f33305004495a9","hash":"ef20310497c88adc3f7a00d7d655708988fc9dfb"}
,"C:\\Users\\Mikita_Kandratsyeu1\\Desktop\\RN-Program\\react-native-2021\\AppReactNative\\src\\modules\\components\\UI\\LoadingButton\\index.ts": {"path":"C:\\Users\\Mikita_Kandratsyeu1\\Desktop\\RN-Program\\react-native-2021\\AppReactNative\\src\\modules\\components\\UI\\LoadingButton\\index.ts","statementMap":{},"fnMap":{},"branchMap":{},"s":{},"f":{},"b":{},"_coverageSchema":"1a1c01bbd47fc00a2c39e90264f33305004495a9","hash":"72232a128b3fe8a2db06eb04f5bcb92aa99f2500"}
,"C:\\Users\\Mikita_Kandratsyeu1\\Desktop\\RN-Program\\react-native-2021\\AppReactNative\\src\\modules\\components\\UI\\LoadingIndicator\\LoadingIndicator.tsx": {"path":"C:\\Users\\Mikita_Kandratsyeu1\\Desktop\\RN-Program\\react-native-2021\\AppReactNative\\src\\modules\\components\\UI\\LoadingIndicator\\LoadingIndicator.tsx","statementMap":{"0":{"start":{"line":7,"column":66},"end":{"line":63,"column":1}},"1":{"start":{"line":11,"column":25},"end":{"line":41,"column":3}},"2":{"start":{"line":12,"column":4},"end":{"line":14,"column":7}},"3":{"start":{"line":13,"column":6},"end":{"line":13,"column":69}},"4":{"start":{"line":16,"column":4},"end":{"line":40,"column":7}},"5":{"start":{"line":19,"column":8},"end":{"line":32,"column":10}},"6":{"start":{"line":35,"column":6},"end":{"line":37,"column":9}},"7":{"start":{"line":36,"column":8},"end":{"line":36,"column":71}},"8":{"start":{"line":39,"column":6},"end":{"line":39,"column":37}},"9":{"start":{"line":43,"column":29},"end":{"line":45,"column":3}},"10":{"start":{"line":44,"column":10},"end":{"line":44,"column":71}},"11":{"start":{"line":47,"column":23},"end":{"line":58,"column":4}},"12":{"start":{"line":48,"column":4},"end":{"line":57,"column":6}},"13":{"start":{"line":60,"column":2},"end":{"line":60,"column":37}},"14":{"start":{"line":62,"column":2},"end":{"line":62,"column":62}}},"fnMap":{"0":{"name":"(anonymous_0)","decl":{"start":{"line":7,"column":66},"end":{"line":7,"column":67}},"loc":{"start":{"line":10,"column":6},"end":{"line":63,"column":1}},"line":10},"1":{"name":"(anonymous_1)","decl":{"start":{"line":11,"column":25},"end":{"line":11,"column":26}},"loc":{"start":{"line":11,"column":58},"end":{"line":41,"column":3}},"line":11},"2":{"name":"(anonymous_2)","decl":{"start":{"line":12,"column":27},"end":{"line":12,"column":28}},"loc":{"start":{"line":12,"column":41},"end":{"line":14,"column":5}},"line":12},"3":{"name":"(anonymous_3)","decl":{"start":{"line":18,"column":28},"end":{"line":18,"column":29}},"loc":{"start":{"line":19,"column":8},"end":{"line":32,"column":10}},"line":19},"4":{"name":"(anonymous_4)","decl":{"start":{"line":34,"column":13},"end":{"line":34,"column":14}},"loc":{"start":{"line":34,"column":19},"end":{"line":40,"column":5}},"line":34},"5":{"name":"(anonymous_5)","decl":{"start":{"line":35,"column":29},"end":{"line":35,"column":30}},"loc":{"start":{"line":35,"column":43},"end":{"line":37,"column":7}},"line":35},"6":{"name":"(anonymous_6)","decl":{"start":{"line":44,"column":4},"end":{"line":44,"column":5}},"loc":{"start":{"line":44,"column":10},"end":{"line":44,"column":71}},"line":44},"7":{"name":"(anonymous_7)","decl":{"start":{"line":47,"column":46},"end":{"line":47,"column":47}},"loc":{"start":{"line":48,"column":4},"end":{"line":57,"column":6}},"line":48}},"branchMap":{"0":{"loc":{"start":{"line":8,"column":2},"end":{"line":8,"column":15}},"type":"default-arg","locations":[{"start":{"line":8,"column":14},"end":{"line":8,"column":15}}],"line":8},"1":{"loc":{"start":{"line":9,"column":2},"end":{"line":9,"column":36}},"type":"default-arg","locations":[{"start":{"line":9,"column":10},"end":{"line":9,"column":36}}],"line":9}},"s":{"0":1,"1":0,"2":0,"3":0,"4":0,"5":0,"6":0,"7":0,"8":0,"9":0,"10":0,"11":0,"12":0,"13":0,"14":0},"f":{"0":0,"1":0,"2":0,"3":0,"4":0,"5":0,"6":0,"7":0},"b":{"0":[0],"1":[0]},"_coverageSchema":"1a1c01bbd47fc00a2c39e90264f33305004495a9","hash":"bcecee3e98ba3c9df06f288ffb8a312d00794277"}
,"C:\\Users\\Mikita_Kandratsyeu1\\Desktop\\RN-Program\\react-native-2021\\AppReactNative\\src\\modules\\components\\UI\\LoadingIndicator\\LoadingIndicatorStyles.ts": {"path":"C:\\Users\\Mikita_Kandratsyeu1\\Desktop\\RN-Program\\react-native-2021\\AppReactNative\\src\\modules\\components\\UI\\LoadingIndicator\\LoadingIndicatorStyles.ts","statementMap":{"0":{"start":{"line":3,"column":15},"end":{"line":19,"column":2}}},"fnMap":{},"branchMap":{},"s":{"0":1},"f":{},"b":{},"_coverageSchema":"1a1c01bbd47fc00a2c39e90264f33305004495a9","hash":"8a7e06002f95dfccc33f3f7a1db89066d693e73a"}
,"C:\\Users\\Mikita_Kandratsyeu1\\Desktop\\RN-Program\\react-native-2021\\AppReactNative\\src\\modules\\components\\UI\\LoadingIndicator\\index.ts": {"path":"C:\\Users\\Mikita_Kandratsyeu1\\Desktop\\RN-Program\\react-native-2021\\AppReactNative\\src\\modules\\components\\UI\\LoadingIndicator\\index.ts","statementMap":{},"fnMap":{},"branchMap":{},"s":{},"f":{},"b":{},"_coverageSchema":"1a1c01bbd47fc00a2c39e90264f33305004495a9","hash":"b1551d90d004a6c0ebecf2e4035464608feadfc9"}
,"C:\\Users\\Mikita_Kandratsyeu1\\Desktop\\RN-Program\\react-native-2021\\AppReactNative\\src\\modules\\components\\UI\\Search\\Search.tsx": {"path":"C:\\Users\\Mikita_Kandratsyeu1\\Desktop\\RN-Program\\react-native-2021\\AppReactNative\\src\\modules\\components\\UI\\Search\\Search.tsx","statementMap":{"0":{"start":{"line":8,"column":46},"end":{"line":23,"column":10}},"1":{"start":{"line":9,"column":2},"end":{"line":23,"column":10}}},"fnMap":{"0":{"name":"(anonymous_0)","decl":{"start":{"line":8,"column":46},"end":{"line":8,"column":47}},"loc":{"start":{"line":9,"column":2},"end":{"line":23,"column":10}},"line":9}},"branchMap":{"0":{"loc":{"start":{"line":9,"column":2},"end":{"line":23,"column":10}},"type":"cond-expr","locations":[{"start":{"line":10,"column":4},"end":{"line":22,"column":11}},{"start":{"line":23,"column":6},"end":{"line":23,"column":10}}],"line":9}},"s":{"0":1,"1":0},"f":{"0":0},"b":{"0":[0,0]},"_coverageSchema":"1a1c01bbd47fc00a2c39e90264f33305004495a9","hash":"90947da6c749526f674f98da2b7c4309ad953e94"}
,"C:\\Users\\Mikita_Kandratsyeu1\\Desktop\\RN-Program\\react-native-2021\\AppReactNative\\src\\modules\\components\\UI\\Search\\SearchStyles.ts": {"path":"C:\\Users\\Mikita_Kandratsyeu1\\Desktop\\RN-Program\\react-native-2021\\AppReactNative\\src\\modules\\components\\UI\\Search\\SearchStyles.ts","statementMap":{"0":{"start":{"line":4,"column":22},"end":{"line":26,"column":2}}},"fnMap":{},"branchMap":{},"s":{"0":1},"f":{},"b":{},"_coverageSchema":"1a1c01bbd47fc00a2c39e90264f33305004495a9","hash":"538b40902f678202ad4a47f0e57dbb83b1bdb9a5"}
,"C:\\Users\\Mikita_Kandratsyeu1\\Desktop\\RN-Program\\react-native-2021\\AppReactNative\\src\\modules\\components\\UI\\Search\\index.ts": {"path":"C:\\Users\\Mikita_Kandratsyeu1\\Desktop\\RN-Program\\react-native-2021\\AppReactNative\\src\\modules\\components\\UI\\Search\\index.ts","statementMap":{},"fnMap":{},"branchMap":{},"s":{},"f":{},"b":{},"_coverageSchema":"1a1c01bbd47fc00a2c39e90264f33305004495a9","hash":"670de976cd858ee0a377698c60c9215bfbb823a8"}
,"C:\\Users\\Mikita_Kandratsyeu1\\Desktop\\RN-Program\\react-native-2021\\AppReactNative\\src\\modules\\components\\UI\\Seperator\\Separator.tsx": {"path":"C:\\Users\\Mikita_Kandratsyeu1\\Desktop\\RN-Program\\react-native-2021\\AppReactNative\\src\\modules\\components\\UI\\Seperator\\Separator.tsx","statementMap":{"0":{"start":{"line":5,"column":35},"end":{"line":5,"column":74}},"1":{"start":{"line":5,"column":41},"end":{"line":5,"column":74}}},"fnMap":{"0":{"name":"(anonymous_0)","decl":{"start":{"line":5,"column":35},"end":{"line":5,"column":36}},"loc":{"start":{"line":5,"column":41},"end":{"line":5,"column":74}},"line":5}},"branchMap":{},"s":{"0":1,"1":0},"f":{"0":0},"b":{},"_coverageSchema":"1a1c01bbd47fc00a2c39e90264f33305004495a9","hash":"83e92e3e046b6ae555e412d0fe47fc6cdc11b5a4"}
,"C:\\Users\\Mikita_Kandratsyeu1\\Desktop\\RN-Program\\react-native-2021\\AppReactNative\\src\\modules\\components\\UI\\Seperator\\SeperatorStyles.ts": {"path":"C:\\Users\\Mikita_Kandratsyeu1\\Desktop\\RN-Program\\react-native-2021\\AppReactNative\\src\\modules\\components\\UI\\Seperator\\SeperatorStyles.ts","statementMap":{"0":{"start":{"line":4,"column":15},"end":{"line":9,"column":2}}},"fnMap":{},"branchMap":{},"s":{"0":1},"f":{},"b":{},"_coverageSchema":"1a1c01bbd47fc00a2c39e90264f33305004495a9","hash":"ee65cf8c4d57df2dbe768177e1c34724803a5b9d"}
,"C:\\Users\\Mikita_Kandratsyeu1\\Desktop\\RN-Program\\react-native-2021\\AppReactNative\\src\\modules\\components\\UI\\Seperator\\index.ts": {"path":"C:\\Users\\Mikita_Kandratsyeu1\\Desktop\\RN-Program\\react-native-2021\\AppReactNative\\src\\modules\\components\\UI\\Seperator\\index.ts","statementMap":{},"fnMap":{},"branchMap":{},"s":{},"f":{},"b":{},"_coverageSchema":"1a1c01bbd47fc00a2c39e90264f33305004495a9","hash":"27ebfe320c4a125469d289a1ed84b0e8684737cd"}
}
